デフォルト動画ディレクトリとして '../default_videos/' を使用します。
5 個のデフォルト動画を '../default_videos/' から読み込みました。
再生キュー処理スレッドを起動します...
HTTPサーバーを http://<your-ip-address>:8080 で起動します
Initializing modules...
Initialization complete.
再生開始: ../default_videos//BALLET in 30 sec - GISELLE - Maria Khoreva in #shorts.mp4 (25 FPS)
再生終了: ../default_videos//BALLET in 30 sec - GISELLE - Maria Khoreva in #shorts.mp4

サーバーを停止します...
全ての処理が完了しました。
デフォルト動画ディレクトリとして '../default_videos/' を使用します。
5 個のデフォルト動画を '../default_videos/' から読み込みました。
再生キュー処理スレッドを起動します...
HTTPサーバーを http://<your-ip-address>:8080 で起動します
Initializing modules...
Initialization complete.
再生開始: ../default_videos//BALLET in 30 sec - GISELLE - Maria Khoreva in #shorts.mp4 (25 FPS)
再生中止リクエストを受信。
再生中止: ../default_videos//BALLET in 30 sec - GISELLE - Maria Khoreva in #shorts.mp4
Initializing modules...
Initialization complete.
再生開始: ../default_videos//badapple.mp4 (30 FPS)
再生中止リクエストを受信。
再生中止: ../default_videos//badapple.mp4
Initializing modules...
Initialization complete.
再生開始: ../default_videos//【パキータ色々バリエーションまとめ】エトワール・海賊など16曲| 16 variations in “Paquita”.mp4 (29.97 FPS)
再生中止リクエストを受信。
再生中止: ../default_videos//【パキータ色々バリエーションまとめ】エトワール・海賊など16曲| 16 variations in “Paquita”.mp4
Initializing modules...
Initialization complete.
再生開始: ../default_videos//◆日本舞踊◆「近江のお兼」吉田 愛（浅草公会堂）-Japanese traditional dance.mp4 (29.97 FPS)
再生終了: ../default_videos//◆日本舞踊◆「近江のお兼」吉田 愛（浅草公会堂）-Japanese traditional dance.mp4
Initializing modules...
Initialization complete.
再生開始: ../default_videos//新国立劇場バレエ団『海賊』より メドーラのバリエーション（木村優里）　National Ballet of Japan - Le Corsaire Variation (Kimura Yuri).mp4 (30 FPS)
再生終了: ../default_videos//新国立劇場バレエ団『海賊』より メドーラのバリエーション（木村優里）　National Ballet of Japan - Le Corsaire Variation (Kimura Yuri).mp4
Initializing modules...
Initialization complete.
再生開始: ../default_videos//BALLET in 30 sec - GISELLE - Maria Khoreva in #shorts.mp4 (25 FPS)
再生終了: ../default_videos//BALLET in 30 sec - GISELLE - Maria Khoreva in #shorts.mp4
Initializing modules...
Initialization complete.
再生開始: ../default_videos//badapple.mp4 (30 FPS)
再生終了: ../default_videos//badapple.mp4
Initializing modules...
Initialization complete.
再生開始: ../default_videos//【パキータ色々バリエーションまとめ】エトワール・海賊など16曲| 16 variations in “Paquita”.mp4 (29.97 FPS)
再生終了: ../default_videos//【パキータ色々バリエーションまとめ】エトワール・海賊など16曲| 16 variations in “Paquita”.mp4
Initializing modules...
Initialization complete.
再生開始: ../default_videos//◆日本舞踊◆「近江のお兼」吉田 愛（浅草公会堂）-Japanese traditional dance.mp4 (29.97 FPS)
再生終了: ../default_videos//◆日本舞踊◆「近江のお兼」吉田 愛（浅草公会堂）-Japanese traditional dance.mp4
Initializing modules...
Initialization complete.
再生開始: ../default_videos//新国立劇場バレエ団『海賊』より メドーラのバリエーション（木村優里）　National Ballet of Japan - Le Corsaire Variation (Kimura Yuri).mp4 (30 FPS)
再生終了: ../default_videos//新国立劇場バレエ団『海賊』より メドーラのバリエーション（木村優里）　National Ballet of Japan - Le Corsaire Variation (Kimura Yuri).mp4
Initializing modules...
Initialization complete.
再生開始: ../default_videos//BALLET in 30 sec - GISELLE - Maria Khoreva in #shorts.mp4 (25 FPS)
再生終了: ../default_videos//BALLET in 30 sec - GISELLE - Maria Khoreva in #shorts.mp4
Initializing modules...
Initialization complete.
再生開始: ../default_videos//badapple.mp4 (30 FPS)
再生終了: ../default_videos//badapple.mp4
Initializing modules...
Initialization complete.
再生開始: ../default_videos//【パキータ色々バリエーションまとめ】エトワール・海賊など16曲| 16 variations in “Paquita”.mp4 (29.97 FPS)
再生終了: ../default_videos//【パキータ色々バリエーションまとめ】エトワール・海賊など16曲| 16 variations in “Paquita”.mp4
Initializing modules...
Initialization complete.
再生開始: ../default_videos//◆日本舞踊◆「近江のお兼」吉田 愛（浅草公会堂）-Japanese traditional dance.mp4 (29.97 FPS)
再生終了: ../default_videos//◆日本舞踊◆「近江のお兼」吉田 愛（浅草公会堂）-Japanese traditional dance.mp4
Initializing modules...
Initialization complete.
再生開始: ../default_videos//新国立劇場バレエ団『海賊』より メドーラのバリエーション（木村優里）　National Ballet of Japan - Le Corsaire Variation (Kimura Yuri).mp4 (30 FPS)
再生終了: ../default_videos//新国立劇場バレエ団『海賊』より メドーラのバリエーション（木村優里）　National Ballet of Japan - Le Corsaire Variation (Kimura Yuri).mp4
Initializing modules...
Initialization complete.
再生開始: ../default_videos//BALLET in 30 sec - GISELLE - Maria Khoreva in #shorts.mp4 (25 FPS)
再生終了: ../default_videos//BALLET in 30 sec - GISELLE - Maria Khoreva in #shorts.mp4
Initializing modules...
Initialization complete.
再生開始: ../default_videos//badapple.mp4 (30 FPS)
再生終了: ../default_videos//badapple.mp4
Initializing modules...
Initialization complete.
再生開始: ../default_videos//【パキータ色々バリエーションまとめ】エトワール・海賊など16曲| 16 variations in “Paquita”.mp4 (29.97 FPS)
再生終了: ../default_videos//【パキータ色々バリエーションまとめ】エトワール・海賊など16曲| 16 variations in “Paquita”.mp4
Initializing modules...
Initialization complete.
再生開始: ../default_videos//◆日本舞踊◆「近江のお兼」吉田 愛（浅草公会堂）-Japanese traditional dance.mp4 (29.97 FPS)
再生終了: ../default_videos//◆日本舞踊◆「近江のお兼」吉田 愛（浅草公会堂）-Japanese traditional dance.mp4
Initializing modules...
Initialization complete.
再生開始: ../default_videos//新国立劇場バレエ団『海賊』より メドーラのバリエーション（木村優里）　National Ballet of Japan - Le Corsaire Variation (Kimura Yuri).mp4 (30 FPS)
再生終了: ../default_videos//新国立劇場バレエ団『海賊』より メドーラのバリエーション（木村優里）　National Ballet of Japan - Le Corsaire Variation (Kimura Yuri).mp4
Initializing modules...
Initialization complete.
再生開始: ../default_videos//BALLET in 30 sec - GISELLE - Maria Khoreva in #shorts.mp4 (25 FPS)
再生終了: ../default_videos//BALLET in 30 sec - GISELLE - Maria Khoreva in #shorts.mp4
Initializing modules...
Initialization complete.
再生開始: ../default_videos//badapple.mp4 (30 FPS)
再生終了: ../default_videos//badapple.mp4
Initializing modules...
Initialization complete.
再生開始: ../default_videos//【パキータ色々バリエーションまとめ】エトワール・海賊など16曲| 16 variations in “Paquita”.mp4 (29.97 FPS)
再生終了: ../default_videos//【パキータ色々バリエーションまとめ】エトワール・海賊など16曲| 16 variations in “Paquita”.mp4
Initializing modules...
Initialization complete.
再生開始: ../default_videos//◆日本舞踊◆「近江のお兼」吉田 愛（浅草公会堂）-Japanese traditional dance.mp4 (29.97 FPS)
再生終了: ../default_videos//◆日本舞踊◆「近江のお兼」吉田 愛（浅草公会堂）-Japanese traditional dance.mp4
Initializing modules...
Initialization complete.
再生開始: ../default_videos//新国立劇場バレエ団『海賊』より メドーラのバリエーション（木村優里）　National Ballet of Japan - Le Corsaire Variation (Kimura Yuri).mp4 (30 FPS)
再生終了: ../default_videos//新国立劇場バレエ団『海賊』より メドーラのバリエーション（木村優里）　National Ballet of Japan - Le Corsaire Variation (Kimura Yuri).mp4
Initializing modules...
Initialization complete.
再生開始: ../default_videos//BALLET in 30 sec - GISELLE - Maria Khoreva in #shorts.mp4 (25 FPS)
再生終了: ../default_videos//BALLET in 30 sec - GISELLE - Maria Khoreva in #shorts.mp4
Initializing modules...
Initialization complete.
再生開始: ../default_videos//badapple.mp4 (30 FPS)
再生終了: ../default_videos//badapple.mp4
Initializing modules...
Initialization complete.
再生開始: ../default_videos//【パキータ色々バリエーションまとめ】エトワール・海賊など16曲| 16 variations in “Paquita”.mp4 (29.97 FPS)
再生終了: ../default_videos//【パキータ色々バリエーションまとめ】エトワール・海賊など16曲| 16 variations in “Paquita”.mp4
Initializing modules...
Initialization complete.
再生開始: ../default_videos//◆日本舞踊◆「近江のお兼」吉田 愛（浅草公会堂）-Japanese traditional dance.mp4 (29.97 FPS)
再生終了: ../default_videos//◆日本舞踊◆「近江のお兼」吉田 愛（浅草公会堂）-Japanese traditional dance.mp4
Initializing modules...
Initialization complete.
再生開始: ../default_videos//新国立劇場バレエ団『海賊』より メドーラのバリエーション（木村優里）　National Ballet of Japan - Le Corsaire Variation (Kimura Yuri).mp4 (30 FPS)
再生終了: ../default_videos//新国立劇場バレエ団『海賊』より メドーラのバリエーション（木村優里）　National Ballet of Japan - Le Corsaire Variation (Kimura Yuri).mp4
Initializing modules...
Initialization complete.
再生開始: ../default_videos//BALLET in 30 sec - GISELLE - Maria Khoreva in #shorts.mp4 (25 FPS)
再生終了: ../default_videos//BALLET in 30 sec - GISELLE - Maria Khoreva in #shorts.mp4
Initializing modules...
Initialization complete.
再生開始: ../default_videos//badapple.mp4 (30 FPS)
再生終了: ../default_videos//badapple.mp4
Initializing modules...
Initialization complete.
再生開始: ../default_videos//【パキータ色々バリエーションまとめ】エトワール・海賊など16曲| 16 variations in “Paquita”.mp4 (29.97 FPS)
再生終了: ../default_videos//【パキータ色々バリエーションまとめ】エトワール・海賊など16曲| 16 variations in “Paquita”.mp4
Initializing modules...
Initialization complete.
再生開始: ../default_videos//◆日本舞踊◆「近江のお兼」吉田 愛（浅草公会堂）-Japanese traditional dance.mp4 (29.97 FPS)
再生終了: ../default_videos//◆日本舞踊◆「近江のお兼」吉田 愛（浅草公会堂）-Japanese traditional dance.mp4
Initializing modules...
Initialization complete.
再生開始: ../default_videos//新国立劇場バレエ団『海賊』より メドーラのバリエーション（木村優里）　National Ballet of Japan - Le Corsaire Variation (Kimura Yuri).mp4 (30 FPS)
再生終了: ../default_videos//新国立劇場バレエ団『海賊』より メドーラのバリエーション（木村優里）　National Ballet of Japan - Le Corsaire Variation (Kimura Yuri).mp4
Initializing modules...
Initialization complete.
再生開始: ../default_videos//BALLET in 30 sec - GISELLE - Maria Khoreva in #shorts.mp4 (25 FPS)
再生終了: ../default_videos//BALLET in 30 sec - GISELLE - Maria Khoreva in #shorts.mp4
Initializing modules...
Initialization complete.
再生開始: ../default_videos//badapple.mp4 (30 FPS)
再生終了: ../default_videos//badapple.mp4
Initializing modules...
Initialization complete.
再生開始: ../default_videos//【パキータ色々バリエーションまとめ】エトワール・海賊など16曲| 16 variations in “Paquita”.mp4 (29.97 FPS)
再生終了: ../default_videos//【パキータ色々バリエーションまとめ】エトワール・海賊など16曲| 16 variations in “Paquita”.mp4
Initializing modules...
Initialization complete.
再生開始: ../default_videos//◆日本舞踊◆「近江のお兼」吉田 愛（浅草公会堂）-Japanese traditional dance.mp4 (29.97 FPS)
再生終了: ../default_videos//◆日本舞踊◆「近江のお兼」吉田 愛（浅草公会堂）-Japanese traditional dance.mp4
Initializing modules...
Initialization complete.
再生開始: ../default_videos//新国立劇場バレエ団『海賊』より メドーラのバリエーション（木村優里）　National Ballet of Japan - Le Corsaire Variation (Kimura Yuri).mp4 (30 FPS)
再生終了: ../default_videos//新国立劇場バレエ団『海賊』より メドーラのバリエーション（木村優里）　National Ballet of Japan - Le Corsaire Variation (Kimura Yuri).mp4
Initializing modules...
Initialization complete.
再生開始: ../default_videos//BALLET in 30 sec - GISELLE - Maria Khoreva in #shorts.mp4 (25 FPS)
再生終了: ../default_videos//BALLET in 30 sec - GISELLE - Maria Khoreva in #shorts.mp4
Initializing modules...
Initialization complete.
再生開始: ../default_videos//badapple.mp4 (30 FPS)
再生終了: ../default_videos//badapple.mp4
Initializing modules...
Initialization complete.
再生開始: ../default_videos//【パキータ色々バリエーションまとめ】エトワール・海賊など16曲| 16 variations in “Paquita”.mp4 (29.97 FPS)
再生終了: ../default_videos//【パキータ色々バリエーションまとめ】エトワール・海賊など16曲| 16 variations in “Paquita”.mp4
Initializing modules...
Initialization complete.
再生開始: ../default_videos//◆日本舞踊◆「近江のお兼」吉田 愛（浅草公会堂）-Japanese traditional dance.mp4 (29.97 FPS)
再生終了: ../default_videos//◆日本舞踊◆「近江のお兼」吉田 愛（浅草公会堂）-Japanese traditional dance.mp4
Initializing modules...
Initialization complete.
再生開始: ../default_videos//新国立劇場バレエ団『海賊』より メドーラのバリエーション（木村優里）　National Ballet of Japan - Le Corsaire Variation (Kimura Yuri).mp4 (30 FPS)
再生終了: ../default_videos//新国立劇場バレエ団『海賊』より メドーラのバリエーション（木村優里）　National Ballet of Japan - Le Corsaire Variation (Kimura Yuri).mp4
Initializing modules...
Initialization complete.
再生開始: ../default_videos//BALLET in 30 sec - GISELLE - Maria Khoreva in #shorts.mp4 (25 FPS)
再生終了: ../default_videos//BALLET in 30 sec - GISELLE - Maria Khoreva in #shorts.mp4
Initializing modules...
Initialization complete.
再生開始: ../default_videos//badapple.mp4 (30 FPS)
再生終了: ../default_videos//badapple.mp4
Initializing modules...
Initialization complete.
再生開始: ../default_videos//【パキータ色々バリエーションまとめ】エトワール・海賊など16曲| 16 variations in “Paquita”.mp4 (29.97 FPS)
再生終了: ../default_videos//【パキータ色々バリエーションまとめ】エトワール・海賊など16曲| 16 variations in “Paquita”.mp4
Initializing modules...
Initialization complete.
再生開始: ../default_videos//◆日本舞踊◆「近江のお兼」吉田 愛（浅草公会堂）-Japanese traditional dance.mp4 (29.97 FPS)
再生終了: ../default_videos//◆日本舞踊◆「近江のお兼」吉田 愛（浅草公会堂）-Japanese traditional dance.mp4
Initializing modules...
Initialization complete.
再生開始: ../default_videos//新国立劇場バレエ団『海賊』より メドーラのバリエーション（木村優里）　National Ballet of Japan - Le Corsaire Variation (Kimura Yuri).mp4 (30 FPS)
再生終了: ../default_videos//新国立劇場バレエ団『海賊』より メドーラのバリエーション（木村優里）　National Ballet of Japan - Le Corsaire Variation (Kimura Yuri).mp4
Initializing modules...
Initialization complete.
再生開始: ../default_videos//BALLET in 30 sec - GISELLE - Maria Khoreva in #shorts.mp4 (25 FPS)
再生終了: ../default_videos//BALLET in 30 sec - GISELLE - Maria Khoreva in #shorts.mp4
Initializing modules...
Initialization complete.
再生開始: ../default_videos//badapple.mp4 (30 FPS)
再生終了: ../default_videos//badapple.mp4
Initializing modules...
Initialization complete.
再生開始: ../default_videos//【パキータ色々バリエーションまとめ】エトワール・海賊など16曲| 16 variations in “Paquita”.mp4 (29.97 FPS)
再生終了: ../default_videos//【パキータ色々バリエーションまとめ】エトワール・海賊など16曲| 16 variations in “Paquita”.mp4
Initializing modules...
Initialization complete.
再生開始: ../default_videos//◆日本舞踊◆「近江のお兼」吉田 愛（浅草公会堂）-Japanese traditional dance.mp4 (29.97 FPS)
再生終了: ../default_videos//◆日本舞踊◆「近江のお兼」吉田 愛（浅草公会堂）-Japanese traditional dance.mp4
Initializing modules...
Initialization complete.
再生開始: ../default_videos//新国立劇場バレエ団『海賊』より メドーラのバリエーション（木村優里）　National Ballet of Japan - Le Corsaire Variation (Kimura Yuri).mp4 (30 FPS)
再生終了: ../default_videos//新国立劇場バレエ団『海賊』より メドーラのバリエーション（木村優里）　National Ballet of Japan - Le Corsaire Variation (Kimura Yuri).mp4
Initializing modules...
Initialization complete.
再生開始: ../default_videos//BALLET in 30 sec - GISELLE - Maria Khoreva in #shorts.mp4 (25 FPS)
再生終了: ../default_videos//BALLET in 30 sec - GISELLE - Maria Khoreva in #shorts.mp4
Initializing modules...
Initialization complete.
再生開始: ../default_videos//badapple.mp4 (30 FPS)
再生終了: ../default_videos//badapple.mp4
Initializing modules...
Initialization complete.
再生開始: ../default_videos//【パキータ色々バリエーションまとめ】エトワール・海賊など16曲| 16 variations in “Paquita”.mp4 (29.97 FPS)
再生終了: ../default_videos//【パキータ色々バリエーションまとめ】エトワール・海賊など16曲| 16 variations in “Paquita”.mp4
Initializing modules...
Initialization complete.
再生開始: ../default_videos//◆日本舞踊◆「近江のお兼」吉田 愛（浅草公会堂）-Japanese traditional dance.mp4 (29.97 FPS)
再生終了: ../default_videos//◆日本舞踊◆「近江のお兼」吉田 愛（浅草公会堂）-Japanese traditional dance.mp4
Initializing modules...
Initialization complete.
再生開始: ../default_videos//新国立劇場バレエ団『海賊』より メドーラのバリエーション（木村優里）　National Ballet of Japan - Le Corsaire Variation (Kimura Yuri).mp4 (30 FPS)
再生終了: ../default_videos//新国立劇場バレエ団『海賊』より メドーラのバリエーション（木村優里）　National Ballet of Japan - Le Corsaire Variation (Kimura Yuri).mp4
Initializing modules...
Initialization complete.
再生開始: ../default_videos//BALLET in 30 sec - GISELLE - Maria Khoreva in #shorts.mp4 (25 FPS)
再生終了: ../default_videos//BALLET in 30 sec - GISELLE - Maria Khoreva in #shorts.mp4
Initializing modules...
Initialization complete.
再生開始: ../default_videos//badapple.mp4 (30 FPS)
再生終了: ../default_videos//badapple.mp4
Initializing modules...
Initialization complete.
再生開始: ../default_videos//【パキータ色々バリエーションまとめ】エトワール・海賊など16曲| 16 variations in “Paquita”.mp4 (29.97 FPS)
再生終了: ../default_videos//【パキータ色々バリエーションまとめ】エトワール・海賊など16曲| 16 variations in “Paquita”.mp4
Initializing modules...
Initialization complete.
再生開始: ../default_videos//◆日本舞踊◆「近江のお兼」吉田 愛（浅草公会堂）-Japanese traditional dance.mp4 (29.97 FPS)
再生終了: ../default_videos//◆日本舞踊◆「近江のお兼」吉田 愛（浅草公会堂）-Japanese traditional dance.mp4
Initializing modules...
Initialization complete.
再生開始: ../default_videos//新国立劇場バレエ団『海賊』より メドーラのバリエーション（木村優里）　National Ballet of Japan - Le Corsaire Variation (Kimura Yuri).mp4 (30 FPS)
再生終了: ../default_videos//新国立劇場バレエ団『海賊』より メドーラのバリエーション（木村優里）　National Ballet of Japan - Le Corsaire Variation (Kimura Yuri).mp4
Initializing modules...
Initialization complete.
再生開始: ../default_videos//BALLET in 30 sec - GISELLE - Maria Khoreva in #shorts.mp4 (25 FPS)
再生終了: ../default_videos//BALLET in 30 sec - GISELLE - Maria Khoreva in #shorts.mp4
Initializing modules...
Initialization complete.
再生開始: ../default_videos//badapple.mp4 (30 FPS)
再生終了: ../default_videos//badapple.mp4
Initializing modules...
Initialization complete.
再生開始: ../default_videos//【パキータ色々バリエーションまとめ】エトワール・海賊など16曲| 16 variations in “Paquita”.mp4 (29.97 FPS)
再生終了: ../default_videos//【パキータ色々バリエーションまとめ】エトワール・海賊など16曲| 16 variations in “Paquita”.mp4
Initializing modules...
Initialization complete.
再生開始: ../default_videos//◆日本舞踊◆「近江のお兼」吉田 愛（浅草公会堂）-Japanese traditional dance.mp4 (29.97 FPS)
再生終了: ../default_videos//◆日本舞踊◆「近江のお兼」吉田 愛（浅草公会堂）-Japanese traditional dance.mp4
Initializing modules...
Initialization complete.
再生開始: ../default_videos//新国立劇場バレエ団『海賊』より メドーラのバリエーション（木村優里）　National Ballet of Japan - Le Corsaire Variation (Kimura Yuri).mp4 (30 FPS)
再生終了: ../default_videos//新国立劇場バレエ団『海賊』より メドーラのバリエーション（木村優里）　National Ballet of Japan - Le Corsaire Variation (Kimura Yuri).mp4
Initializing modules...
Initialization complete.
再生開始: ../default_videos//BALLET in 30 sec - GISELLE - Maria Khoreva in #shorts.mp4 (25 FPS)
再生終了: ../default_videos//BALLET in 30 sec - GISELLE - Maria Khoreva in #shorts.mp4
Initializing modules...
Initialization complete.
再生開始: ../default_videos//badapple.mp4 (30 FPS)
再生終了: ../default_videos//badapple.mp4
Initializing modules...
Initialization complete.
再生開始: ../default_videos//【パキータ色々バリエーションまとめ】エトワール・海賊など16曲| 16 variations in “Paquita”.mp4 (29.97 FPS)
再生終了: ../default_videos//【パキータ色々バリエーションまとめ】エトワール・海賊など16曲| 16 variations in “Paquita”.mp4
Initializing modules...
Initialization complete.
再生開始: ../default_videos//◆日本舞踊◆「近江のお兼」吉田 愛（浅草公会堂）-Japanese traditional dance.mp4 (29.97 FPS)
再生終了: ../default_videos//◆日本舞踊◆「近江のお兼」吉田 愛（浅草公会堂）-Japanese traditional dance.mp4
Initializing modules...
Initialization complete.
再生開始: ../default_videos//新国立劇場バレエ団『海賊』より メドーラのバリエーション（木村優里）　National Ballet of Japan - Le Corsaire Variation (Kimura Yuri).mp4 (30 FPS)
再生終了: ../default_videos//新国立劇場バレエ団『海賊』より メドーラのバリエーション（木村優里）　National Ballet of Japan - Le Corsaire Variation (Kimura Yuri).mp4
Initializing modules...
Initialization complete.
再生開始: ../default_videos//BALLET in 30 sec - GISELLE - Maria Khoreva in #shorts.mp4 (25 FPS)
再生終了: ../default_videos//BALLET in 30 sec - GISELLE - Maria Khoreva in #shorts.mp4
Initializing modules...
Initialization complete.
再生開始: ../default_videos//badapple.mp4 (30 FPS)
再生終了: ../default_videos//badapple.mp4
Initializing modules...
Initialization complete.
再生開始: ../default_videos//【パキータ色々バリエーションまとめ】エトワール・海賊など16曲| 16 variations in “Paquita”.mp4 (29.97 FPS)
再生終了: ../default_videos//【パキータ色々バリエーションまとめ】エトワール・海賊など16曲| 16 variations in “Paquita”.mp4
Initializing modules...
Initialization complete.
再生開始: ../default_videos//◆日本舞踊◆「近江のお兼」吉田 愛（浅草公会堂）-Japanese traditional dance.mp4 (29.97 FPS)
再生終了: ../default_videos//◆日本舞踊◆「近江のお兼」吉田 愛（浅草公会堂）-Japanese traditional dance.mp4
Initializing modules...
Initialization complete.
再生開始: ../default_videos//新国立劇場バレエ団『海賊』より メドーラのバリエーション（木村優里）　National Ballet of Japan - Le Corsaire Variation (Kimura Yuri).mp4 (30 FPS)
再生終了: ../default_videos//新国立劇場バレエ団『海賊』より メドーラのバリエーション（木村優里）　National Ballet of Japan - Le Corsaire Variation (Kimura Yuri).mp4
Initializing modules...
Initialization complete.
再生開始: ../default_videos//BALLET in 30 sec - GISELLE - Maria Khoreva in #shorts.mp4 (25 FPS)
再生終了: ../default_videos//BALLET in 30 sec - GISELLE - Maria Khoreva in #shorts.mp4
Initializing modules...
Initialization complete.
再生開始: ../default_videos//badapple.mp4 (30 FPS)
再生終了: ../default_videos//badapple.mp4
Initializing modules...
Initialization complete.
再生開始: ../default_videos//【パキータ色々バリエーションまとめ】エトワール・海賊など16曲| 16 variations in “Paquita”.mp4 (29.97 FPS)
再生終了: ../default_videos//【パキータ色々バリエーションまとめ】エトワール・海賊など16曲| 16 variations in “Paquita”.mp4
Initializing modules...
Initialization complete.
再生開始: ../default_videos//◆日本舞踊◆「近江のお兼」吉田 愛（浅草公会堂）-Japanese traditional dance.mp4 (29.97 FPS)
再生終了: ../default_videos//◆日本舞踊◆「近江のお兼」吉田 愛（浅草公会堂）-Japanese traditional dance.mp4
Initializing modules...
Initialization complete.
再生開始: ../default_videos//新国立劇場バレエ団『海賊』より メドーラのバリエーション（木村優里）　National Ballet of Japan - Le Corsaire Variation (Kimura Yuri).mp4 (30 FPS)
再生終了: ../default_videos//新国立劇場バレエ団『海賊』より メドーラのバリエーション（木村優里）　National Ballet of Japan - Le Corsaire Variation (Kimura Yuri).mp4
Initializing modules...
Initialization complete.
再生開始: ../default_videos//BALLET in 30 sec - GISELLE - Maria Khoreva in #shorts.mp4 (25 FPS)
再生終了: ../default_videos//BALLET in 30 sec - GISELLE - Maria Khoreva in #shorts.mp4
Initializing modules...
Initialization complete.
再生開始: ../default_videos//badapple.mp4 (30 FPS)
再生終了: ../default_videos//badapple.mp4
Initializing modules...
Initialization complete.
再生開始: ../default_videos//【パキータ色々バリエーションまとめ】エトワール・海賊など16曲| 16 variations in “Paquita”.mp4 (29.97 FPS)
再生中止リクエストを受信。
再生中止: ../default_videos//【パキータ色々バリエーションまとめ】エトワール・海賊など16曲| 16 variations in “Paquita”.mp4
Initializing modules...
Initialization complete.
再生開始: ../default_videos//◆日本舞踊◆「近江のお兼」吉田 愛（浅草公会堂）-Japanese traditional dance.mp4 (29.97 FPS)
再生終了: ../default_videos//◆日本舞踊◆「近江のお兼」吉田 愛（浅草公会堂）-Japanese traditional dance.mp4
Initializing modules...
Initialization complete.
再生開始: ../default_videos//新国立劇場バレエ団『海賊』より メドーラのバリエーション（木村優里）　National Ballet of Japan - Le Corsaire Variation (Kimura Yuri).mp4 (30 FPS)
再生終了: ../default_videos//新国立劇場バレエ団『海賊』より メドーラのバリエーション（木村優里）　National Ballet of Japan - Le Corsaire Variation (Kimura Yuri).mp4
Initializing modules...
Initialization complete.
再生開始: ../default_videos//BALLET in 30 sec - GISELLE - Maria Khoreva in #shorts.mp4 (25 FPS)
再生終了: ../default_videos//BALLET in 30 sec - GISELLE - Maria Khoreva in #shorts.mp4
Initializing modules...
Initialization complete.
再生開始: ../default_videos//badapple.mp4 (30 FPS)
再生終了: ../default_videos//badapple.mp4
Initializing modules...
Initialization complete.
再生開始: ../default_videos//【パキータ色々バリエーションまとめ】エトワール・海賊など16曲| 16 variations in “Paquita”.mp4 (29.97 FPS)
再生終了: ../default_videos//【パキータ色々バリエーションまとめ】エトワール・海賊など16曲| 16 variations in “Paquita”.mp4
Initializing modules...
Initialization complete.
再生開始: ../default_videos//◆日本舞踊◆「近江のお兼」吉田 愛（浅草公会堂）-Japanese traditional dance.mp4 (29.97 FPS)
再生終了: ../default_videos//◆日本舞踊◆「近江のお兼」吉田 愛（浅草公会堂）-Japanese traditional dance.mp4
Initializing modules...
Initialization complete.
再生開始: ../default_videos//新国立劇場バレエ団『海賊』より メドーラのバリエーション（木村優里）　National Ballet of Japan - Le Corsaire Variation (Kimura Yuri).mp4 (30 FPS)
再生終了: ../default_videos//新国立劇場バレエ団『海賊』より メドーラのバリエーション（木村優里）　National Ballet of Japan - Le Corsaire Variation (Kimura Yuri).mp4
Initializing modules...
Initialization complete.
再生開始: ../default_videos//BALLET in 30 sec - GISELLE - Maria Khoreva in #shorts.mp4 (25 FPS)
再生終了: ../default_videos//BALLET in 30 sec - GISELLE - Maria Khoreva in #shorts.mp4
Initializing modules...
Initialization complete.
再生開始: ../default_videos//badapple.mp4 (30 FPS)
再生終了: ../default_videos//badapple.mp4
Initializing modules...
Initialization complete.
再生開始: ../default_videos//【パキータ色々バリエーションまとめ】エトワール・海賊など16曲| 16 variations in “Paquita”.mp4 (29.97 FPS)
再生終了: ../default_videos//【パキータ色々バリエーションまとめ】エトワール・海賊など16曲| 16 variations in “Paquita”.mp4
Initializing modules...
Initialization complete.
再生開始: ../default_videos//◆日本舞踊◆「近江のお兼」吉田 愛（浅草公会堂）-Japanese traditional dance.mp4 (29.97 FPS)
再生終了: ../default_videos//◆日本舞踊◆「近江のお兼」吉田 愛（浅草公会堂）-Japanese traditional dance.mp4
Initializing modules...
Initialization complete.
再生開始: ../default_videos//新国立劇場バレエ団『海賊』より メドーラのバリエーション（木村優里）　National Ballet of Japan - Le Corsaire Variation (Kimura Yuri).mp4 (30 FPS)
再生終了: ../default_videos//新国立劇場バレエ団『海賊』より メドーラのバリエーション（木村優里）　National Ballet of Japan - Le Corsaire Variation (Kimura Yuri).mp4
Initializing modules...
Initialization complete.
再生開始: ../default_videos//BALLET in 30 sec - GISELLE - Maria Khoreva in #shorts.mp4 (25 FPS)
再生終了: ../default_videos//BALLET in 30 sec - GISELLE - Maria Khoreva in #shorts.mp4
Initializing modules...
Initialization complete.
再生開始: ../default_videos//badapple.mp4 (30 FPS)
再生終了: ../default_videos//badapple.mp4
Initializing modules...
Initialization complete.
再生開始: ../default_videos//【パキータ色々バリエーションまとめ】エトワール・海賊など16曲| 16 variations in “Paquita”.mp4 (29.97 FPS)
再生終了: ../default_videos//【パキータ色々バリエーションまとめ】エトワール・海賊など16曲| 16 variations in “Paquita”.mp4
Initializing modules...
Initialization complete.
再生開始: ../default_videos//◆日本舞踊◆「近江のお兼」吉田 愛（浅草公会堂）-Japanese traditional dance.mp4 (29.97 FPS)
再生終了: ../default_videos//◆日本舞踊◆「近江のお兼」吉田 愛（浅草公会堂）-Japanese traditional dance.mp4
Initializing modules...
Initialization complete.
再生開始: ../default_videos//新国立劇場バレエ団『海賊』より メドーラのバリエーション（木村優里）　National Ballet of Japan - Le Corsaire Variation (Kimura Yuri).mp4 (30 FPS)
再生終了: ../default_videos//新国立劇場バレエ団『海賊』より メドーラのバリエーション（木村優里）　National Ballet of Japan - Le Corsaire Variation (Kimura Yuri).mp4
Initializing modules...
Initialization complete.
再生開始: ../default_videos//BALLET in 30 sec - GISELLE - Maria Khoreva in #shorts.mp4 (25 FPS)
再生終了: ../default_videos//BALLET in 30 sec - GISELLE - Maria Khoreva in #shorts.mp4
Initializing modules...
Initialization complete.
再生開始: ../default_videos//badapple.mp4 (30 FPS)
再生終了: ../default_videos//badapple.mp4
Initializing modules...
Initialization complete.
再生開始: ../default_videos//【パキータ色々バリエーションまとめ】エトワール・海賊など16曲| 16 variations in “Paquita”.mp4 (29.97 FPS)
再生終了: ../default_videos//【パキータ色々バリエーションまとめ】エトワール・海賊など16曲| 16 variations in “Paquita”.mp4
Initializing modules...
Initialization complete.
再生開始: ../default_videos//◆日本舞踊◆「近江のお兼」吉田 愛（浅草公会堂）-Japanese traditional dance.mp4 (29.97 FPS)
再生終了: ../default_videos//◆日本舞踊◆「近江のお兼」吉田 愛（浅草公会堂）-Japanese traditional dance.mp4
Initializing modules...
Initialization complete.
再生開始: ../default_videos//新国立劇場バレエ団『海賊』より メドーラのバリエーション（木村優里）　National Ballet of Japan - Le Corsaire Variation (Kimura Yuri).mp4 (30 FPS)
再生終了: ../default_videos//新国立劇場バレエ団『海賊』より メドーラのバリエーション（木村優里）　National Ballet of Japan - Le Corsaire Variation (Kimura Yuri).mp4
Initializing modules...
Initialization complete.
再生開始: ../default_videos//BALLET in 30 sec - GISELLE - Maria Khoreva in #shorts.mp4 (25 FPS)
再生終了: ../default_videos//BALLET in 30 sec - GISELLE - Maria Khoreva in #shorts.mp4
Initializing modules...
Initialization complete.
再生開始: ../default_videos//badapple.mp4 (30 FPS)
再生終了: ../default_videos//badapple.mp4
Initializing modules...
Initialization complete.
再生開始: ../default_videos//【パキータ色々バリエーションまとめ】エトワール・海賊など16曲| 16 variations in “Paquita”.mp4 (29.97 FPS)
再生終了: ../default_videos//【パキータ色々バリエーションまとめ】エトワール・海賊など16曲| 16 variations in “Paquita”.mp4
Initializing modules...
Initialization complete.
再生開始: ../default_videos//◆日本舞踊◆「近江のお兼」吉田 愛（浅草公会堂）-Japanese traditional dance.mp4 (29.97 FPS)
再生終了: ../default_videos//◆日本舞踊◆「近江のお兼」吉田 愛（浅草公会堂）-Japanese traditional dance.mp4
Initializing modules...
Initialization complete.
再生開始: ../default_videos//新国立劇場バレエ団『海賊』より メドーラのバリエーション（木村優里）　National Ballet of Japan - Le Corsaire Variation (Kimura Yuri).mp4 (30 FPS)
再生終了: ../default_videos//新国立劇場バレエ団『海賊』より メドーラのバリエーション（木村優里）　National Ballet of Japan - Le Corsaire Variation (Kimura Yuri).mp4
Initializing modules...
Initialization complete.
再生開始: ../default_videos//BALLET in 30 sec - GISELLE - Maria Khoreva in #shorts.mp4 (25 FPS)
再生終了: ../default_videos//BALLET in 30 sec - GISELLE - Maria Khoreva in #shorts.mp4
Initializing modules...
Initialization complete.
再生開始: ../default_videos//badapple.mp4 (30 FPS)
再生終了: ../default_videos//badapple.mp4
Initializing modules...
Initialization complete.
再生開始: ../default_videos//【パキータ色々バリエーションまとめ】エトワール・海賊など16曲| 16 variations in “Paquita”.mp4 (29.97 FPS)
再生終了: ../default_videos//【パキータ色々バリエーションまとめ】エトワール・海賊など16曲| 16 variations in “Paquita”.mp4
Initializing modules...
Initialization complete.
再生開始: ../default_videos//◆日本舞踊◆「近江のお兼」吉田 愛（浅草公会堂）-Japanese traditional dance.mp4 (29.97 FPS)
再生終了: ../default_videos//◆日本舞踊◆「近江のお兼」吉田 愛（浅草公会堂）-Japanese traditional dance.mp4
Initializing modules...
Initialization complete.
再生開始: ../default_videos//新国立劇場バレエ団『海賊』より メドーラのバリエーション（木村優里）　National Ballet of Japan - Le Corsaire Variation (Kimura Yuri).mp4 (30 FPS)
再生終了: ../default_videos//新国立劇場バレエ団『海賊』より メドーラのバリエーション（木村優里）　National Ballet of Japan - Le Corsaire Variation (Kimura Yuri).mp4
Initializing modules...
Initialization complete.
再生開始: ../default_videos//BALLET in 30 sec - GISELLE - Maria Khoreva in #shorts.mp4 (25 FPS)
再生終了: ../default_videos//BALLET in 30 sec - GISELLE - Maria Khoreva in #shorts.mp4
Initializing modules...
Initialization complete.
再生開始: ../default_videos//badapple.mp4 (30 FPS)
再生終了: ../default_videos//badapple.mp4
Initializing modules...
Initialization complete.
再生開始: ../default_videos//【パキータ色々バリエーションまとめ】エトワール・海賊など16曲| 16 variations in “Paquita”.mp4 (29.97 FPS)
再生終了: ../default_videos//【パキータ色々バリエーションまとめ】エトワール・海賊など16曲| 16 variations in “Paquita”.mp4
Initializing modules...
Initialization complete.
再生開始: ../default_videos//◆日本舞踊◆「近江のお兼」吉田 愛（浅草公会堂）-Japanese traditional dance.mp4 (29.97 FPS)
再生終了: ../default_videos//◆日本舞踊◆「近江のお兼」吉田 愛（浅草公会堂）-Japanese traditional dance.mp4
Initializing modules...
Initialization complete.
再生開始: ../default_videos//新国立劇場バレエ団『海賊』より メドーラのバリエーション（木村優里）　National Ballet of Japan - Le Corsaire Variation (Kimura Yuri).mp4 (30 FPS)
再生終了: ../default_videos//新国立劇場バレエ団『海賊』より メドーラのバリエーション（木村優里）　National Ballet of Japan - Le Corsaire Variation (Kimura Yuri).mp4
Initializing modules...
Initialization complete.
再生開始: ../default_videos//BALLET in 30 sec - GISELLE - Maria Khoreva in #shorts.mp4 (25 FPS)
再生終了: ../default_videos//BALLET in 30 sec - GISELLE - Maria Khoreva in #shorts.mp4
Initializing modules...
Initialization complete.
再生開始: ../default_videos//badapple.mp4 (30 FPS)
再生終了: ../default_videos//badapple.mp4
Initializing modules...
Initialization complete.
再生開始: ../default_videos//【パキータ色々バリエーションまとめ】エトワール・海賊など16曲| 16 variations in “Paquita”.mp4 (29.97 FPS)
再生終了: ../default_videos//【パキータ色々バリエーションまとめ】エトワール・海賊など16曲| 16 variations in “Paquita”.mp4
Initializing modules...
Initialization complete.
再生開始: ../default_videos//◆日本舞踊◆「近江のお兼」吉田 愛（浅草公会堂）-Japanese traditional dance.mp4 (29.97 FPS)
再生終了: ../default_videos//◆日本舞踊◆「近江のお兼」吉田 愛（浅草公会堂）-Japanese traditional dance.mp4
Initializing modules...
Initialization complete.
再生開始: ../default_videos//新国立劇場バレエ団『海賊』より メドーラのバリエーション（木村優里）　National Ballet of Japan - Le Corsaire Variation (Kimura Yuri).mp4 (30 FPS)
再生終了: ../default_videos//新国立劇場バレエ団『海賊』より メドーラのバリエーション（木村優里）　National Ballet of Japan - Le Corsaire Variation (Kimura Yuri).mp4
Initializing modules...
Initialization complete.
再生開始: ../default_videos//BALLET in 30 sec - GISELLE - Maria Khoreva in #shorts.mp4 (25 FPS)
再生終了: ../default_videos//BALLET in 30 sec - GISELLE - Maria Khoreva in #shorts.mp4
Initializing modules...
Initialization complete.
再生開始: ../default_videos//badapple.mp4 (30 FPS)
再生終了: ../default_videos//badapple.mp4
Initializing modules...
Initialization complete.
再生開始: ../default_videos//【パキータ色々バリエーションまとめ】エトワール・海賊など16曲| 16 variations in “Paquita”.mp4 (29.97 FPS)
再生終了: ../default_videos//【パキータ色々バリエーションまとめ】エトワール・海賊など16曲| 16 variations in “Paquita”.mp4
Initializing modules...
Initialization complete.
再生開始: ../default_videos//◆日本舞踊◆「近江のお兼」吉田 愛（浅草公会堂）-Japanese traditional dance.mp4 (29.97 FPS)
再生終了: ../default_videos//◆日本舞踊◆「近江のお兼」吉田 愛（浅草公会堂）-Japanese traditional dance.mp4
Initializing modules...
Initialization complete.
再生開始: ../default_videos//新国立劇場バレエ団『海賊』より メドーラのバリエーション（木村優里）　National Ballet of Japan - Le Corsaire Variation (Kimura Yuri).mp4 (30 FPS)
再生終了: ../default_videos//新国立劇場バレエ団『海賊』より メドーラのバリエーション（木村優里）　National Ballet of Japan - Le Corsaire Variation (Kimura Yuri).mp4
Initializing modules...
Initialization complete.
再生開始: ../default_videos//BALLET in 30 sec - GISELLE - Maria Khoreva in #shorts.mp4 (25 FPS)
再生終了: ../default_videos//BALLET in 30 sec - GISELLE - Maria Khoreva in #shorts.mp4
Initializing modules...
Initialization complete.
再生開始: ../default_videos//badapple.mp4 (30 FPS)
再生終了: ../default_videos//badapple.mp4
Initializing modules...
Initialization complete.
再生開始: ../default_videos//【パキータ色々バリエーションまとめ】エトワール・海賊など16曲| 16 variations in “Paquita”.mp4 (29.97 FPS)
再生終了: ../default_videos//【パキータ色々バリエーションまとめ】エトワール・海賊など16曲| 16 variations in “Paquita”.mp4
Initializing modules...
Initialization complete.
再生開始: ../default_videos//◆日本舞踊◆「近江のお兼」吉田 愛（浅草公会堂）-Japanese traditional dance.mp4 (29.97 FPS)
再生終了: ../default_videos//◆日本舞踊◆「近江のお兼」吉田 愛（浅草公会堂）-Japanese traditional dance.mp4
Initializing modules...
Initialization complete.
再生開始: ../default_videos//新国立劇場バレエ団『海賊』より メドーラのバリエーション（木村優里）　National Ballet of Japan - Le Corsaire Variation (Kimura Yuri).mp4 (30 FPS)
再生終了: ../default_videos//新国立劇場バレエ団『海賊』より メドーラのバリエーション（木村優里）　National Ballet of Japan - Le Corsaire Variation (Kimura Yuri).mp4
Initializing modules...
Initialization complete.
再生開始: ../default_videos//BALLET in 30 sec - GISELLE - Maria Khoreva in #shorts.mp4 (25 FPS)
再生終了: ../default_videos//BALLET in 30 sec - GISELLE - Maria Khoreva in #shorts.mp4
Initializing modules...
Initialization complete.
再生開始: ../default_videos//badapple.mp4 (30 FPS)
再生終了: ../default_videos//badapple.mp4
Initializing modules...
Initialization complete.
再生開始: ../default_videos//【パキータ色々バリエーションまとめ】エトワール・海賊など16曲| 16 variations in “Paquita”.mp4 (29.97 FPS)
再生終了: ../default_videos//【パキータ色々バリエーションまとめ】エトワール・海賊など16曲| 16 variations in “Paquita”.mp4
Initializing modules...
Initialization complete.
再生開始: ../default_videos//◆日本舞踊◆「近江のお兼」吉田 愛（浅草公会堂）-Japanese traditional dance.mp4 (29.97 FPS)
再生終了: ../default_videos//◆日本舞踊◆「近江のお兼」吉田 愛（浅草公会堂）-Japanese traditional dance.mp4
Initializing modules...
Initialization complete.
再生開始: ../default_videos//新国立劇場バレエ団『海賊』より メドーラのバリエーション（木村優里）　National Ballet of Japan - Le Corsaire Variation (Kimura Yuri).mp4 (30 FPS)
再生終了: ../default_videos//新国立劇場バレエ団『海賊』より メドーラのバリエーション（木村優里）　National Ballet of Japan - Le Corsaire Variation (Kimura Yuri).mp4
Initializing modules...
Initialization complete.
再生開始: ../default_videos//BALLET in 30 sec - GISELLE - Maria Khoreva in #shorts.mp4 (25 FPS)
再生終了: ../default_videos//BALLET in 30 sec - GISELLE - Maria Khoreva in #shorts.mp4
Initializing modules...
Initialization complete.
再生開始: ../default_videos//badapple.mp4 (30 FPS)
再生終了: ../default_videos//badapple.mp4
Initializing modules...
Initialization complete.
再生開始: ../default_videos//【パキータ色々バリエーションまとめ】エトワール・海賊など16曲| 16 variations in “Paquita”.mp4 (29.97 FPS)
再生終了: ../default_videos//【パキータ色々バリエーションまとめ】エトワール・海賊など16曲| 16 variations in “Paquita”.mp4
Initializing modules...
Initialization complete.
再生開始: ../default_videos//◆日本舞踊◆「近江のお兼」吉田 愛（浅草公会堂）-Japanese traditional dance.mp4 (29.97 FPS)
再生終了: ../default_videos//◆日本舞踊◆「近江のお兼」吉田 愛（浅草公会堂）-Japanese traditional dance.mp4
Initializing modules...
Initialization complete.
再生開始: ../default_videos//新国立劇場バレエ団『海賊』より メドーラのバリエーション（木村優里）　National Ballet of Japan - Le Corsaire Variation (Kimura Yuri).mp4 (30 FPS)
再生終了: ../default_videos//新国立劇場バレエ団『海賊』より メドーラのバリエーション（木村優里）　National Ballet of Japan - Le Corsaire Variation (Kimura Yuri).mp4
Initializing modules...
Initialization complete.
再生開始: ../default_videos//BALLET in 30 sec - GISELLE - Maria Khoreva in #shorts.mp4 (25 FPS)
再生終了: ../default_videos//BALLET in 30 sec - GISELLE - Maria Khoreva in #shorts.mp4
Initializing modules...
Initialization complete.
再生開始: ../default_videos//badapple.mp4 (30 FPS)
再生終了: ../default_videos//badapple.mp4
Initializing modules...
Initialization complete.
再生開始: ../default_videos//【パキータ色々バリエーションまとめ】エトワール・海賊など16曲| 16 variations in “Paquita”.mp4 (29.97 FPS)
再生終了: ../default_videos//【パキータ色々バリエーションまとめ】エトワール・海賊など16曲| 16 variations in “Paquita”.mp4
Initializing modules...
Initialization complete.
再生開始: ../default_videos//◆日本舞踊◆「近江のお兼」吉田 愛（浅草公会堂）-Japanese traditional dance.mp4 (29.97 FPS)
再生終了: ../default_videos//◆日本舞踊◆「近江のお兼」吉田 愛（浅草公会堂）-Japanese traditional dance.mp4
Initializing modules...
Initialization complete.
再生開始: ../default_videos//新国立劇場バレエ団『海賊』より メドーラのバリエーション（木村優里）　National Ballet of Japan - Le Corsaire Variation (Kimura Yuri).mp4 (30 FPS)
再生終了: ../default_videos//新国立劇場バレエ団『海賊』より メドーラのバリエーション（木村優里）　National Ballet of Japan - Le Corsaire Variation (Kimura Yuri).mp4
Initializing modules...
Initialization complete.
再生開始: ../default_videos//BALLET in 30 sec - GISELLE - Maria Khoreva in #shorts.mp4 (25 FPS)
再生終了: ../default_videos//BALLET in 30 sec - GISELLE - Maria Khoreva in #shorts.mp4
Initializing modules...
Initialization complete.
再生開始: ../default_videos//badapple.mp4 (30 FPS)
再生終了: ../default_videos//badapple.mp4
Initializing modules...
Initialization complete.
再生開始: ../default_videos//【パキータ色々バリエーションまとめ】エトワール・海賊など16曲| 16 variations in “Paquita”.mp4 (29.97 FPS)
再生終了: ../default_videos//【パキータ色々バリエーションまとめ】エトワール・海賊など16曲| 16 variations in “Paquita”.mp4
Initializing modules...
Initialization complete.
再生開始: ../default_videos//◆日本舞踊◆「近江のお兼」吉田 愛（浅草公会堂）-Japanese traditional dance.mp4 (29.97 FPS)
再生終了: ../default_videos//◆日本舞踊◆「近江のお兼」吉田 愛（浅草公会堂）-Japanese traditional dance.mp4
Initializing modules...
Initialization complete.
再生開始: ../default_videos//新国立劇場バレエ団『海賊』より メドーラのバリエーション（木村優里）　National Ballet of Japan - Le Corsaire Variation (Kimura Yuri).mp4 (30 FPS)
再生終了: ../default_videos//新国立劇場バレエ団『海賊』より メドーラのバリエーション（木村優里）　National Ballet of Japan - Le Corsaire Variation (Kimura Yuri).mp4
Initializing modules...
Initialization complete.
再生開始: ../default_videos//BALLET in 30 sec - GISELLE - Maria Khoreva in #shorts.mp4 (25 FPS)
再生終了: ../default_videos//BALLET in 30 sec - GISELLE - Maria Khoreva in #shorts.mp4
Initializing modules...
Initialization complete.
再生開始: ../default_videos//badapple.mp4 (30 FPS)
再生終了: ../default_videos//badapple.mp4
Initializing modules...
Initialization complete.
再生開始: ../default_videos//【パキータ色々バリエーションまとめ】エトワール・海賊など16曲| 16 variations in “Paquita”.mp4 (29.97 FPS)
再生終了: ../default_videos//【パキータ色々バリエーションまとめ】エトワール・海賊など16曲| 16 variations in “Paquita”.mp4
Initializing modules...
Initialization complete.
再生開始: ../default_videos//◆日本舞踊◆「近江のお兼」吉田 愛（浅草公会堂）-Japanese traditional dance.mp4 (29.97 FPS)
再生終了: ../default_videos//◆日本舞踊◆「近江のお兼」吉田 愛（浅草公会堂）-Japanese traditional dance.mp4
Initializing modules...
Initialization complete.
再生開始: ../default_videos//新国立劇場バレエ団『海賊』より メドーラのバリエーション（木村優里）　National Ballet of Japan - Le Corsaire Variation (Kimura Yuri).mp4 (30 FPS)
再生終了: ../default_videos//新国立劇場バレエ団『海賊』より メドーラのバリエーション（木村優里）　National Ballet of Japan - Le Corsaire Variation (Kimura Yuri).mp4
Initializing modules...
Initialization complete.
再生開始: ../default_videos//BALLET in 30 sec - GISELLE - Maria Khoreva in #shorts.mp4 (25 FPS)
再生終了: ../default_videos//BALLET in 30 sec - GISELLE - Maria Khoreva in #shorts.mp4
Initializing modules...
Initialization complete.
再生開始: ../default_videos//badapple.mp4 (30 FPS)
再生終了: ../default_videos//badapple.mp4
Initializing modules...
Initialization complete.
再生開始: ../default_videos//【パキータ色々バリエーションまとめ】エトワール・海賊など16曲| 16 variations in “Paquita”.mp4 (29.97 FPS)
再生終了: ../default_videos//【パキータ色々バリエーションまとめ】エトワール・海賊など16曲| 16 variations in “Paquita”.mp4
Initializing modules...
Initialization complete.
再生開始: ../default_videos//◆日本舞踊◆「近江のお兼」吉田 愛（浅草公会堂）-Japanese traditional dance.mp4 (29.97 FPS)
再生終了: ../default_videos//◆日本舞踊◆「近江のお兼」吉田 愛（浅草公会堂）-Japanese traditional dance.mp4
Initializing modules...
Initialization complete.
再生開始: ../default_videos//新国立劇場バレエ団『海賊』より メドーラのバリエーション（木村優里）　National Ballet of Japan - Le Corsaire Variation (Kimura Yuri).mp4 (30 FPS)
再生終了: ../default_videos//新国立劇場バレエ団『海賊』より メドーラのバリエーション（木村優里）　National Ballet of Japan - Le Corsaire Variation (Kimura Yuri).mp4
Initializing modules...
Initialization complete.
再生開始: ../default_videos//BALLET in 30 sec - GISELLE - Maria Khoreva in #shorts.mp4 (25 FPS)
再生終了: ../default_videos//BALLET in 30 sec - GISELLE - Maria Khoreva in #shorts.mp4
Initializing modules...
Initialization complete.
再生開始: ../default_videos//badapple.mp4 (30 FPS)
再生終了: ../default_videos//badapple.mp4
Initializing modules...
Initialization complete.
再生開始: ../default_videos//【パキータ色々バリエーションまとめ】エトワール・海賊など16曲| 16 variations in “Paquita”.mp4 (29.97 FPS)
再生終了: ../default_videos//【パキータ色々バリエーションまとめ】エトワール・海賊など16曲| 16 variations in “Paquita”.mp4
Initializing modules...
Initialization complete.
再生開始: ../default_videos//◆日本舞踊◆「近江のお兼」吉田 愛（浅草公会堂）-Japanese traditional dance.mp4 (29.97 FPS)
再生終了: ../default_videos//◆日本舞踊◆「近江のお兼」吉田 愛（浅草公会堂）-Japanese traditional dance.mp4
Initializing modules...
Initialization complete.
再生開始: ../default_videos//新国立劇場バレエ団『海賊』より メドーラのバリエーション（木村優里）　National Ballet of Japan - Le Corsaire Variation (Kimura Yuri).mp4 (30 FPS)
再生終了: ../default_videos//新国立劇場バレエ団『海賊』より メドーラのバリエーション（木村優里）　National Ballet of Japan - Le Corsaire Variation (Kimura Yuri).mp4
Initializing modules...
Initialization complete.
再生開始: ../default_videos//BALLET in 30 sec - GISELLE - Maria Khoreva in #shorts.mp4 (25 FPS)
再生終了: ../default_videos//BALLET in 30 sec - GISELLE - Maria Khoreva in #shorts.mp4
Initializing modules...
Initialization complete.
再生開始: ../default_videos//badapple.mp4 (30 FPS)
再生終了: ../default_videos//badapple.mp4
Initializing modules...
Initialization complete.
再生開始: ../default_videos//【パキータ色々バリエーションまとめ】エトワール・海賊など16曲| 16 variations in “Paquita”.mp4 (29.97 FPS)

サーバーを停止します...
再生中止: ../default_videos//【パキータ色々バリエーションまとめ】エトワール・海賊など16曲| 16 variations in “Paquita”.mp4
全ての処理が完了しました。
